Microsoft (R) Build Engine version 12.0.30723.0
[Microsoft .NET Framework, version 4.0.30319.18449]
Copyright (C) Microsoft Corporation. All rights reserved.

Build started 8/16/2014 9:25:01 AM.
Project "C:\GitHub\Meerkat\SQL Solution\Aphelion.Meerkat.DB\Meerkat\Aphelion.Meerkat.DB.sqlproj" on node 1 (rebuild target(s)).
CoreClean:
  Deleting file "C:\GitHub\Meerkat\SQL Solution\Aphelion.Meerkat.DB\Meerkat\bin\Debug\Aphelion.Meerkat.DB.dacpac".
  Deleting file "C:\GitHub\Meerkat\SQL Solution\Aphelion.Meerkat.DB\Meerkat\bin\Debug\Meerkat.dll".
  Deleting file "C:\GitHub\Meerkat\SQL Solution\Aphelion.Meerkat.DB\Meerkat\bin\Debug\Meerkat.pdb".
  Deleting file "C:\GitHub\Meerkat\SQL Solution\Aphelion.Meerkat.DB\Meerkat\obj\Debug\Meerkat.dll".
  Deleting file "C:\GitHub\Meerkat\SQL Solution\Aphelion.Meerkat.DB\Meerkat\obj\Debug\Meerkat.pdb".
  Deleting file "C:\GitHub\Meerkat\SQL Solution\Aphelion.Meerkat.DB\Meerkat\obj\Debug\Aphelion.Meerkat.DB.sqlprojResolveAssemblyReference.cache".
  Deleting file "C:\GitHub\Meerkat\SQL Solution\Aphelion.Meerkat.DB\Meerkat\obj\Debug\Model.xml".
  Deleting file "C:\GitHub\Meerkat\SQL Solution\Aphelion.Meerkat.DB\Meerkat\obj\Debug\refactor.xml".
  Deleting file "C:\GitHub\Meerkat\SQL Solution\Aphelion.Meerkat.DB\Meerkat\obj\Debug\postdeploy.sql".
GenerateSqlTargetFrameworkMoniker:
Skipping target "GenerateSqlTargetFrameworkMoniker" because all output files are up-to-date with respect to the input files.
CoreCompile:
  C:\Program Files (x86)\MSBuild\12.0\bin\Csc.exe /noconfig /nowarn:1701,1702 /nostdlib+ /errorreport:prompt /warn:4 /define:DEBUG;TRACE /highentropyva- /reference:"C:\Program Files (x86)\Reference Assemblies\Microsoft\Framework\.NETFramework\v4.0\mscorlib.dll" /debug+ /debug:full /optimize- /out:obj\Debug\Meerkat.dll /target:library /warnaserror- /utf8output "C:\Users\spinstall\AppData\Local\Temp\2\.NETFramework,Version=v4.0.SqlClrAttributes.cs"
Attempting to cancel the build...
Done Building Project "C:\GitHub\Meerkat\SQL Solution\Aphelion.Meerkat.DB\Meerkat\Aphelion.Meerkat.DB.sqlproj" (rebuild target(s)) -- FAILED.

Build FAILED.
    0 Warning(s)
    0 Error(s)

Time Elapsed 00:00:01.21
